# JRE version: Java(TM) SE Runtime Environment (8.0_231-b11) (build 1.8.0_231-b11)
# Java VM: Java HotSpot(TM) 64-Bit Server VM (25.231-b11 mixed mode windows-amd64 compressed oops)
Heap:
 PSYoungGen      total 70144K, used 45047K [0x000000076ae00000, 0x00000007b4a00000, 0x00000007c0000000)
  eden space 69632K, 64% used [0x000000076ae00000,0x000000076d9bdc08,0x000000076f200000)
  from space 512K, 50% used [0x00000007b4980000,0x00000007b49c0000,0x00000007b4a00000)
  to   space 512K, 0% used [0x00000007b4900000,0x00000007b4900000,0x00000007b4980000)
 ParOldGen       total 175104K, used 31693K [0x00000006c0a00000, 0x00000006cb500000, 0x000000076ae00000)
  object space 175104K, 18% used [0x00000006c0a00000,0x00000006c28f3688,0x00000006cb500000)
 Metaspace       used 19721K, capacity 20450K, committed 20736K, reserved 1067008K
  class space    used 2517K, capacity 2736K, committed 2816K, reserved 1048576K
GC Heap History (10 events):
Event: 92.188 GC heap before
{Heap before GC invocations=650 (full 0):
 PSYoungGen      total 78336K, used 77984K [0x000000076ae00000, 0x00000007b4a00000, 0x00000007c0000000)
  eden space 77824K, 100% used [0x000000076ae00000,0x000000076fa00000,0x000000076fa00000)
  from space 512K, 31% used [0x00000007b4900000,0x00000007b4928000,0x00000007b4980000)
  to   space 512K, 0% used [0x00000007b4980000,0x00000007b4980000,0x00000007b4a00000)
 ParOldGen       total 175104K, used 31621K [0x00000006c0a00000, 0x00000006cb500000, 0x000000076ae00000)
  object space 175104K, 18% used [0x00000006c0a00000,0x00000006c28e1688,0x00000006cb500000)
 Metaspace       used 19576K, capacity 20306K, committed 20480K, reserved 1067008K
  class space    used 2497K, capacity 2696K, committed 2816K, reserved 1048576K
Event: 92.189 GC heap after
Heap after GC invocations=650 (full 0):
 PSYoungGen      total 76288K, used 160K [0x000000076ae00000, 0x00000007b4a00000, 0x00000007c0000000)
  eden space 75776K, 0% used [0x000000076ae00000,0x000000076ae00000,0x000000076f800000)
  from space 512K, 31% used [0x00000007b4980000,0x00000007b49a8000,0x00000007b4a00000)
  to   space 512K, 0% used [0x00000007b4900000,0x00000007b4900000,0x00000007b4980000)
 ParOldGen       total 175104K, used 31621K [0x00000006c0a00000, 0x00000006cb500000, 0x000000076ae00000)
  object space 175104K, 18% used [0x00000006c0a00000,0x00000006c28e1688,0x00000006cb500000)
 Metaspace       used 19576K, capacity 20306K, committed 20480K, reserved 1067008K
  class space    used 2497K, capacity 2696K, committed 2816K, reserved 1048576K
}
Event: 92.334 GC heap before
{Heap before GC invocations=651 (full 0):
 PSYoungGen      total 76288K, used 75936K [0x000000076ae00000, 0x00000007b4a00000, 0x00000007c0000000)
  eden space 75776K, 100% used [0x000000076ae00000,0x000000076f800000,0x000000076f800000)
  from space 512K, 31% used [0x00000007b4980000,0x00000007b49a8000,0x00000007b4a00000)
  to   space 512K, 0% used [0x00000007b4900000,0x00000007b4900000,0x00000007b4980000)
 ParOldGen       total 175104K, used 31621K [0x00000006c0a00000, 0x00000006cb500000, 0x000000076ae00000)
  object space 175104K, 18% used [0x00000006c0a00000,0x00000006c28e1688,0x00000006cb500000)
 Metaspace       used 19576K, capacity 20306K, committed 20480K, reserved 1067008K
  class space    used 2497K, capacity 2696K, committed 2816K, reserved 1048576K
Event: 92.335 GC heap after
Heap after GC invocations=651 (full 0):
 PSYoungGen      total 74752K, used 192K [0x000000076ae00000, 0x00000007b4a00000, 0x00000007c0000000)
  eden space 74240K, 0% used [0x000000076ae00000,0x000000076ae00000,0x000000076f680000)
  from space 512K, 37% used [0x00000007b4900000,0x00000007b4930000,0x00000007b4980000)
  to   space 512K, 0% used [0x00000007b4980000,0x00000007b4980000,0x00000007b4a00000)
 ParOldGen       total 175104K, used 31621K [0x00000006c0a00000, 0x00000006cb500000, 0x000000076ae00000)
  object space 175104K, 18% used [0x00000006c0a00000,0x00000006c28e1688,0x00000006cb500000)
 Metaspace       used 19576K, capacity 20306K, committed 20480K, reserved 1067008K
  class space    used 2497K, capacity 2696K, committed 2816K, reserved 1048576K
}
Event: 92.493 GC heap before
{Heap before GC invocations=652 (full 0):
 PSYoungGen      total 74752K, used 74432K [0x000000076ae00000, 0x00000007b4a00000, 0x00000007c0000000)
  eden space 74240K, 100% used [0x000000076ae00000,0x000000076f680000,0x000000076f680000)
  from space 512K, 37% used [0x00000007b4900000,0x00000007b4930000,0x00000007b4980000)
  to   space 512K, 0% used [0x00000007b4980000,0x00000007b4980000,0x00000007b4a00000)
 ParOldGen       total 175104K, used 31621K [0x00000006c0a00000, 0x00000006cb500000, 0x000000076ae00000)
  object space 175104K, 18% used [0x00000006c0a00000,0x00000006c28e1688,0x00000006cb500000)
 Metaspace       used 19576K, capacity 20306K, committed 20480K, reserved 1067008K
  class space    used 2497K, capacity 2696K, committed 2816K, reserved 1048576K
Event: 92.494 GC heap after
Heap after GC invocations=652 (full 0):
 PSYoungGen      total 73216K, used 160K [0x000000076ae00000, 0x00000007b4a00000, 0x00000007c0000000)
  eden space 72704K, 0% used [0x000000076ae00000,0x000000076ae00000,0x000000076f500000)
  from space 512K, 31% used [0x00000007b4980000,0x00000007b49a8000,0x00000007b4a00000)
  to   space 512K, 0% used [0x00000007b4900000,0x00000007b4900000,0x00000007b4980000)
 ParOldGen       total 175104K, used 31621K [0x00000006c0a00000, 0x00000006cb500000, 0x000000076ae00000)
  object space 175104K, 18% used [0x00000006c0a00000,0x00000006c28e1688,0x00000006cb500000)
 Metaspace       used 19576K, capacity 20306K, committed 20480K, reserved 1067008K
  class space    used 2497K, capacity 2696K, committed 2816K, reserved 1048576K
}
Event: 92.652 GC heap before
{Heap before GC invocations=653 (full 0):
 PSYoungGen      total 73216K, used 72864K [0x000000076ae00000, 0x00000007b4a00000, 0x00000007c0000000)
  eden space 72704K, 100% used [0x000000076ae00000,0x000000076f500000,0x000000076f500000)
  from space 512K, 31% used [0x00000007b4980000,0x00000007b49a8000,0x00000007b4a00000)
  to   space 512K, 0% used [0x00000007b4900000,0x00000007b4900000,0x00000007b4980000)
 ParOldGen       total 175104K, used 31621K [0x00000006c0a00000, 0x00000006cb500000, 0x000000076ae00000)
  object space 175104K, 18% used [0x00000006c0a00000,0x00000006c28e1688,0x00000006cb500000)
 Metaspace       used 19580K, capacity 20306K, committed 20480K, reserved 1067008K
  class space    used 2497K, capacity 2696K, committed 2816K, reserved 1048576K
Event: 92.653 GC heap after
Heap after GC invocations=653 (full 0):
 PSYoungGen      total 71680K, used 320K [0x000000076ae00000, 0x00000007b4a00000, 0x00000007c0000000)
  eden space 71168K, 0% used [0x000000076ae00000,0x000000076ae00000,0x000000076f380000)
  from space 512K, 62% used [0x00000007b4900000,0x00000007b4950000,0x00000007b4980000)
  to   space 512K, 0% used [0x00000007b4980000,0x00000007b4980000,0x00000007b4a00000)
 ParOldGen       total 175104K, used 31629K [0x00000006c0a00000, 0x00000006cb500000, 0x000000076ae00000)
  object space 175104K, 18% used [0x00000006c0a00000,0x00000006c28e3688,0x00000006cb500000)
 Metaspace       used 19580K, capacity 20306K, committed 20480K, reserved 1067008K
  class space    used 2497K, capacity 2696K, committed 2816K, reserved 1048576K
}
Event: 92.814 GC heap before
{Heap before GC invocations=654 (full 0):
 PSYoungGen      total 71680K, used 71488K [0x000000076ae00000, 0x00000007b4a00000, 0x00000007c0000000)
  eden space 71168K, 100% used [0x000000076ae00000,0x000000076f380000,0x000000076f380000)
  from space 512K, 62% used [0x00000007b4900000,0x00000007b4950000,0x00000007b4980000)
  to   space 512K, 0% used [0x00000007b4980000,0x00000007b4980000,0x00000007b4a00000)
 ParOldGen       total 175104K, used 31629K [0x00000006c0a00000, 0x00000006cb500000, 0x000000076ae00000)
  object space 175104K, 18% used [0x00000006c0a00000,0x00000006c28e3688,0x00000006cb500000)
 Metaspace       used 19580K, capacity 20306K, committed 20480K, reserved 1067008K
  class space    used 2497K, capacity 2696K, committed 2816K, reserved 1048576K
Event: 92.815 GC heap after
Heap after GC invocations=654 (full 0):
 PSYoungGen      total 70144K, used 256K [0x000000076ae00000, 0x00000007b4a00000, 0x00000007c0000000)
  eden space 69632K, 0% used [0x000000076ae00000,0x000000076ae00000,0x000000076f200000)
  from space 512K, 50% used [0x00000007b4980000,0x00000007b49c0000,0x00000007b4a00000)
  to   space 512K, 0% used [0x00000007b4900000,0x00000007b4900000,0x00000007b4980000)
 ParOldGen       total 175104K, used 31693K [0x00000006c0a00000, 0x00000006cb500000, 0x000000076ae00000)
  object space 175104K, 18% used [0x00000006c0a00000,0x00000006c28f3688,0x00000006cb500000)
 Metaspace       used 19580K, capacity 20306K, committed 20480K, reserved 1067008K
  class space    used 2497K, capacity 2696K, committed 2816K, reserved 1048576K
}

