# JRE version: Java(TM) SE Runtime Environment (8.0_231-b11) (build 1.8.0_231-b11)
# Java VM: Java HotSpot(TM) 64-Bit Server VM (25.231-b11 mixed mode windows-amd64 compressed oops)
Heap:
 PSYoungGen      total 256512K, used 14197K [0x000000076ae00000, 0x00000007b6000000, 0x00000007c0000000)
  eden space 256000K, 5% used [0x000000076ae00000,0x000000076bb8d670,0x000000077a800000)
  from space 512K, 62% used [0x00000007b5f80000,0x00000007b5fd0000,0x00000007b6000000)
  to   space 4096K, 0% used [0x00000007b5800000,0x00000007b5800000,0x00000007b5c00000)
 ParOldGen       total 175104K, used 14311K [0x00000006c0a00000, 0x00000006cb500000, 0x000000076ae00000)
  object space 175104K, 8% used [0x00000006c0a00000,0x00000006c17f9e10,0x00000006cb500000)
 Metaspace       used 19505K, capacity 20264K, committed 20480K, reserved 1067008K
  class space    used 2516K, capacity 2735K, committed 2816K, reserved 1048576K
GC Heap History (10 events):
Event: 17.877 GC heap before
{Heap before GC invocations=34 (full 0):
 PSYoungGen      total 319488K, used 313600K [0x000000076ae00000, 0x00000007b6e00000, 0x00000007c0000000)
  eden space 313344K, 100% used [0x000000076ae00000,0x000000077e000000,0x000000077e000000)
  from space 6144K, 4% used [0x00000007b6200000,0x00000007b6240000,0x00000007b6800000)
  to   space 6144K, 0% used [0x00000007b6800000,0x00000007b6800000,0x00000007b6e00000)
 ParOldGen       total 175104K, used 14167K [0x00000006c0a00000, 0x00000006cb500000, 0x000000076ae00000)
  object space 175104K, 8% used [0x00000006c0a00000,0x00000006c17d5e10,0x00000006cb500000)
 Metaspace       used 19356K, capacity 20084K, committed 20352K, reserved 1067008K
  class space    used 2496K, capacity 2663K, committed 2688K, reserved 1048576K
Event: 17.878 GC heap after
Heap after GC invocations=34 (full 0):
 PSYoungGen      total 301056K, used 192K [0x000000076ae00000, 0x00000007b6880000, 0x00000007c0000000)
  eden space 300544K, 0% used [0x000000076ae00000,0x000000076ae00000,0x000000077d380000)
  from space 512K, 37% used [0x00000007b6800000,0x00000007b6830000,0x00000007b6880000)
  to   space 5632K, 0% used [0x00000007b5d80000,0x00000007b5d80000,0x00000007b6300000)
 ParOldGen       total 175104K, used 14183K [0x00000006c0a00000, 0x00000006cb500000, 0x000000076ae00000)
  object space 175104K, 8% used [0x00000006c0a00000,0x00000006c17d9e10,0x00000006cb500000)
 Metaspace       used 19356K, capacity 20084K, committed 20352K, reserved 1067008K
  class space    used 2496K, capacity 2663K, committed 2688K, reserved 1048576K
}
Event: 18.288 GC heap before
{Heap before GC invocations=35 (full 0):
 PSYoungGen      total 301056K, used 300736K [0x000000076ae00000, 0x00000007b6880000, 0x00000007c0000000)
  eden space 300544K, 100% used [0x000000076ae00000,0x000000077d380000,0x000000077d380000)
  from space 512K, 37% used [0x00000007b6800000,0x00000007b6830000,0x00000007b6880000)
  to   space 5632K, 0% used [0x00000007b5d80000,0x00000007b5d80000,0x00000007b6300000)
 ParOldGen       total 175104K, used 14183K [0x00000006c0a00000, 0x00000006cb500000, 0x000000076ae00000)
  object space 175104K, 8% used [0x00000006c0a00000,0x00000006c17d9e10,0x00000006cb500000)
 Metaspace       used 19357K, capacity 20084K, committed 20352K, reserved 1067008K
  class space    used 2496K, capacity 2663K, committed 2688K, reserved 1048576K
Event: 18.289 GC heap after
Heap after GC invocations=35 (full 0):
 PSYoungGen      total 293888K, used 320K [0x000000076ae00000, 0x00000007b6880000, 0x00000007c0000000)
  eden space 288256K, 0% used [0x000000076ae00000,0x000000076ae00000,0x000000077c780000)
  from space 5632K, 5% used [0x00000007b5d80000,0x00000007b5dd0000,0x00000007b6300000)
  to   space 5120K, 0% used [0x00000007b6380000,0x00000007b6380000,0x00000007b6880000)
 ParOldGen       total 175104K, used 14183K [0x00000006c0a00000, 0x00000006cb500000, 0x000000076ae00000)
  object space 175104K, 8% used [0x00000006c0a00000,0x00000006c17d9e10,0x00000006cb500000)
 Metaspace       used 19357K, capacity 20084K, committed 20352K, reserved 1067008K
  class space    used 2496K, capacity 2663K, committed 2688K, reserved 1048576K
}
Event: 18.718 GC heap before
{Heap before GC invocations=36 (full 0):
 PSYoungGen      total 293888K, used 288576K [0x000000076ae00000, 0x00000007b6880000, 0x00000007c0000000)
  eden space 288256K, 100% used [0x000000076ae00000,0x000000077c780000,0x000000077c780000)
  from space 5632K, 5% used [0x00000007b5d80000,0x00000007b5dd0000,0x00000007b6300000)
  to   space 5120K, 0% used [0x00000007b6380000,0x00000007b6380000,0x00000007b6880000)
 ParOldGen       total 175104K, used 14183K [0x00000006c0a00000, 0x00000006cb500000, 0x000000076ae00000)
  object space 175104K, 8% used [0x00000006c0a00000,0x00000006c17d9e10,0x00000006cb500000)
 Metaspace       used 19358K, capacity 20084K, committed 20352K, reserved 1067008K
  class space    used 2496K, capacity 2663K, committed 2688K, reserved 1048576K
Event: 18.719 GC heap after
Heap after GC invocations=36 (full 0):
 PSYoungGen      total 277504K, used 320K [0x000000076ae00000, 0x00000007b6400000, 0x00000007c0000000)
  eden space 276992K, 0% used [0x000000076ae00000,0x000000076ae00000,0x000000077bc80000)
  from space 512K, 62% used [0x00000007b6380000,0x00000007b63d0000,0x00000007b6400000)
  to   space 5120K, 0% used [0x00000007b5a00000,0x00000007b5a00000,0x00000007b5f00000)
 ParOldGen       total 175104K, used 14239K [0x00000006c0a00000, 0x00000006cb500000, 0x000000076ae00000)
  object space 175104K, 8% used [0x00000006c0a00000,0x00000006c17e7e10,0x00000006cb500000)
 Metaspace       used 19358K, capacity 20084K, committed 20352K, reserved 1067008K
  class space    used 2496K, capacity 2663K, committed 2688K, reserved 1048576K
}
Event: 19.212 GC heap before
{Heap before GC invocations=37 (full 0):
 PSYoungGen      total 277504K, used 277312K [0x000000076ae00000, 0x00000007b6400000, 0x00000007c0000000)
  eden space 276992K, 100% used [0x000000076ae00000,0x000000077bc80000,0x000000077bc80000)
  from space 512K, 62% used [0x00000007b6380000,0x00000007b63d0000,0x00000007b6400000)
  to   space 5120K, 0% used [0x00000007b5a00000,0x00000007b5a00000,0x00000007b5f00000)
 ParOldGen       total 175104K, used 14239K [0x00000006c0a00000, 0x00000006cb500000, 0x000000076ae00000)
  object space 175104K, 8% used [0x00000006c0a00000,0x00000006c17e7e10,0x00000006cb500000)
 Metaspace       used 19358K, capacity 20084K, committed 20352K, reserved 1067008K
  class space    used 2496K, capacity 2663K, committed 2688K, reserved 1048576K
Event: 19.213 GC heap after
Heap after GC invocations=37 (full 0):
 PSYoungGen      total 271360K, used 192K [0x000000076ae00000, 0x00000007b6400000, 0x00000007c0000000)
  eden space 266240K, 0% used [0x000000076ae00000,0x000000076ae00000,0x000000077b200000)
  from space 5120K, 3% used [0x00000007b5a00000,0x00000007b5a30000,0x00000007b5f00000)
  to   space 4608K, 0% used [0x00000007b5f80000,0x00000007b5f80000,0x00000007b6400000)
 ParOldGen       total 175104K, used 14303K [0x00000006c0a00000, 0x00000006cb500000, 0x000000076ae00000)
  object space 175104K, 8% used [0x00000006c0a00000,0x00000006c17f7e10,0x00000006cb500000)
 Metaspace       used 19358K, capacity 20084K, committed 20352K, reserved 1067008K
  class space    used 2496K, capacity 2663K, committed 2688K, reserved 1048576K
}
Event: 19.774 GC heap before
{Heap before GC invocations=38 (full 0):
 PSYoungGen      total 271360K, used 266432K [0x000000076ae00000, 0x00000007b6400000, 0x00000007c0000000)
  eden space 266240K, 100% used [0x000000076ae00000,0x000000077b200000,0x000000077b200000)
  from space 5120K, 3% used [0x00000007b5a00000,0x00000007b5a30000,0x00000007b5f00000)
  to   space 4608K, 0% used [0x00000007b5f80000,0x00000007b5f80000,0x00000007b6400000)
 ParOldGen       total 175104K, used 14303K [0x00000006c0a00000, 0x00000006cb500000, 0x000000076ae00000)
  object space 175104K, 8% used [0x00000006c0a00000,0x00000006c17f7e10,0x00000006cb500000)
 Metaspace       used 19358K, capacity 20084K, committed 20352K, reserved 1067008K
  class space    used 2496K, capacity 2663K, committed 2688K, reserved 1048576K
Event: 19.775 GC heap after
Heap after GC invocations=38 (full 0):
 PSYoungGen      total 256512K, used 320K [0x000000076ae00000, 0x00000007b6000000, 0x00000007c0000000)
  eden space 256000K, 0% used [0x000000076ae00000,0x000000076ae00000,0x000000077a800000)
  from space 512K, 62% used [0x00000007b5f80000,0x00000007b5fd0000,0x00000007b6000000)
  to   space 4096K, 0% used [0x00000007b5800000,0x00000007b5800000,0x00000007b5c00000)
 ParOldGen       total 175104K, used 14311K [0x00000006c0a00000, 0x00000006cb500000, 0x000000076ae00000)
  object space 175104K, 8% used [0x00000006c0a00000,0x00000006c17f9e10,0x00000006cb500000)
 Metaspace       used 19358K, capacity 20084K, committed 20352K, reserved 1067008K
  class space    used 2496K, capacity 2663K, committed 2688K, reserved 1048576K
}

